UserID: 4 Message: Movie Already Added IMDbID: tt0317248 at 07/31/2019 15:41:19
UserID: 4 Message: Movie Added to Your Watch List ,IMDbID: tt0317248 at 07/31/2019 15:43:35
UserID: 4 Message: Movie Added to Your List ,IMDbID: tt0317248 at 07/31/2019 15:44:07
UserID: 4 Message: Movie Added to Your Watch List ,IMDbID: tt0437086 at 07/31/2019 15:44:15
UserID: 4 Message: Movie Already Added ,IMDbID: tt0437086 at 07/31/2019 15:44:20
UserID: 4 Message: Movie Already Added ,IMDbID: tt0437086 at 07/31/2019 15:44:25
UserID: 4 Message: Movie Already Added ,IMDbID: tt0437086 at 07/31/2019 15:44:32
UserID: 4 Message: Movie Already Watched ,IMDbID: tt0437086 at 07/31/2019 15:45:35
UserID: 4 Message: Movie Already Added ,IMDbID: tt0437086 at 07/31/2019 15:45:37
UserID: 4 Message: Movie Added to Your List ,IMDbID: tt6859260 at 07/31/2019 15:52:00
UserID: 4 Message: Movie Already Added ,IMDbID: tt0499549 at 07/31/2019 15:53:33
UserID: 4 Message: Movie Added to Your List ,IMDbID: tt0499549 at 07/31/2019 15:56:58
UserID: 4 Message: Movie Added to Your List ,IMDbID: tt0903747 at 07/31/2019 16:02:40
UserID: 4 Message: Movie Added to Your List ,IMDbID: tt0944836 at 07/31/2019 16:04:00
UserID: 4 Message: Movie Added to Your Watch List ,IMDbID: tt0944836 at 07/31/2019 16:04:01
UserID: 4 Message: Movie Already Watched ,IMDbID: tt0944836 at 07/31/2019 16:05:09
UserID: 4 Message: Movie Added to Your Watch List ,IMDbID: tt0109830 at 07/31/2019 16:05:15
UserID: 4 Message: Category Edited! ,IMDbID: tt0903747New Category: sdwsa at 07/31/2019 16:17:10
UserID: 4 Message: Category Edited! / IMDbID: tt0109830 / New Category: W222 at 07/31/2019 16:17:41
UserID: 4 Message: Category Edited! / IMDbID: tt0109830 / New Category: W222aaaa at 07/31/2019 16:20:40
UserID: 4 Message: Category Edited! / IMDbID: tt0903747 / New Category: aaa at 07/31/2019 16:22:33
UserID: 4 Message: Category Unchanged! / IMDbID: tt0903747 / New Category: aaa at 07/31/2019 16:22:33
UserID: 4 Message: Category Unchanged! / IMDbID: tt0903747 / New Category: aaa at 07/31/2019 16:22:36
UserID: 4 Message: Category Edited! / IMDbID: tt0109830 / New Category: W222aaaaasdv at 07/31/2019 16:22:51
UserID: 4 Message: The Movie Was Deleted / IMDbID: tt0109830 at 07/31/2019 16:25:45
 Message: This email is already being used! / Email: andre@gmail.com at 07/31/2019 16:28:34
UserID: 4 Message: The Movie Was Deleted / IMDbID: tt0944836 at 07/31/2019 16:35:57
WatchedMovie ID 9 Was deleted from MyWatched List  at 07/31/2019 16:36:19
WatchedMovie ID: 8 Was deleted from MyWatched List  at 07/31/2019 16:37:04
UserID: 4 Message: Movie Added to Your Watch List / IMDbID: tt2283336 at 07/31/2019 16:39:06
UserID: 4 Message: Movie Already Watched / IMDbID: tt2283336 at 07/31/2019 16:39:11
UserID: 4 Message: Movie Added to Your Watch List / IMDbID: tt0080684 at 07/31/2019 16:39:19
WatchedMovie ID: 12 Was deleted from MyWatched List  at 07/31/2019 16:39:24
WatchedMovie ID: 11 Was deleted from MyWatched List  at 07/31/2019 16:39:34
UserID: 4 Message: Movie Added to Your Watch List / IMDbID: tt0080684 at 07/31/2019 16:40:15
UserID: 4 Message: Movie Added to Your Watch List / IMDbID: tt7286456 at 07/31/2019 16:40:19
WatchedMovie ID: 14 Was deleted from MyWatched List  at 07/31/2019 16:40:23
WatchedMovie ID: 13 Was deleted from MyWatched List  at 07/31/2019 16:40:25
UserID: 4 Updated his Account: Fn: Andre/ Ln: Sa/ BOD: 1992-11-10/ Email: andre@gmail.com/ Password: at 07/31/2019 16:49:36
UserID: 4 Updated his Account: Fn: Andre/ Ln: Sa/ BOD: 1992-11-10/ Email: andre@gmail.com/ Password: $2y$10$0OPKsgp9wnOaSxdMG/PIae2klnhH/oHI52sskC/1vmUj.0vUbIiz2at 07/31/2019 16:50:03
UserID: 4 Deleted his Accountat 07/31/2019 16:50:52
New User Created! ID: 5 Account Informatio: Fn: Andre/ Ln: Sa/ BOD: 1992-02-22/ Email: andre@gmail.com/ Password:  at 07/31/2019 16:56:36
New User Created! ID: 7 Account Informatio: Fn: a/ Ln: a/ BOD: 1992-04-10/ Email: joao2@gmail.com/ Password: $2y$10$hUxZC3EB3MWUbfF3SHj9Wepu6Q1a6p4w/vsp79XAe6NPvOGSyLNIq at 07/31/2019 16:58:40
UserID: 7 Message: Movie Already Added / IMDbID: tt2283336 at 07/31/2019 17:07:38
UserID: 7 Message: Movie Added to Your Watch List / IMDbID: tt2283336 at 07/31/2019 17:07:40
UserID: 7 Message: Movie Added to Your Watch List / IMDbID: tt7286456 at 07/31/2019 17:07:52
UserID: 7 Message: Movie Already Added / IMDbID: tt2283336 at 07/31/2019 17:07:59
UserID: 7 Message: Movie Already Watched / IMDbID: tt7286456 at 07/31/2019 17:08:00
UserID: 7 Message: Movie Already Watched / IMDbID: tt7286456 at 07/31/2019 17:08:54
UserID: 7 Message: Movie Already Watched / IMDbID: tt7286456 at 07/31/2019 17:08:55
UserID: 7 Message: Movie Already Watched / IMDbID: tt7286456 at 07/31/2019 17:08:57
UserID: 7 Message: Movie Already Watched / IMDbID: tt7286456 at 07/31/2019 17:10:16
UserID: 7 Message: Movie Added to Your List / IMDbID: tt0109830 at 07/31/2019 17:11:43
UserID: 7 Message: Movie Added to Your Watch List / IMDbID: tt0109830 at 07/31/2019 17:11:58
UserID: 7 Message: Movie Already Watched / IMDbID: tt0109830 at 07/31/2019 17:11:59
UserID: 7 Message: Movie Already Added / IMDbID: tt0109830 at 07/31/2019 17:12:00
UserID: 7 Message: Movie Added to Your List / IMDbID: tt0241527 at 07/31/2019 17:12:14
UserID: 7 Message: Movie Already Added / IMDbID: tt0241527 at 07/31/2019 17:12:15
UserID: 7 Message: Movie Added to Your Watch List / IMDbID: tt0241527 at 07/31/2019 17:12:16
UserID: 7 Message: Movie Already Watched / IMDbID: tt0241527 at 07/31/2019 17:12:18
UserID: 7 Message: Movie Added to Your Watch List / IMDbID: tt0304141 at 07/31/2019 17:12:28
UserID: 7 Message: Movie Already Added / IMDbID: tt0304141 at 07/31/2019 17:12:34
UserID: 7 Message: The Movie Was Deleted / IMDbID: tt2283336 at 07/31/2019 17:36:50
UserID: 7 Message: The Movie Was Deleted / IMDbID: tt7286456 at 07/31/2019 17:36:53
UserID: 7 Message: The Movie Was Deleted / IMDbID: tt0241527 at 07/31/2019 17:36:55
UserID: 7 Message: The Movie Was Deleted / IMDbID: tt0304141 at 07/31/2019 17:36:55
UserID: 7 Message: The Movie Was Deleted / IMDbID: tt0109830 at 07/31/2019 17:36:56
UserID: 7 Message: Movie Added to Your List / IMDbID: tt2283336 at 07/31/2019 17:37:45
UserID: 7 Message: Movie Added to Your List / IMDbID: tt0437086 at 07/31/2019 17:41:04
UserID: 7 Message: Movie Added to Your List / IMDbID: tt0109830 at 07/31/2019 17:41:10
UserID: 7 Message: Movie Added to Your List / IMDbID: tt1979376 at 07/31/2019 17:41:15
UserID: 7 Message: The Movie Was Deleted / IMDbID: tt1979376 at 07/31/2019 17:46:27
UserID: 7 Message: The Movie Was Deleted / IMDbID: tt2283336 at 07/31/2019 17:46:30
UserID: 7 Message: The Movie Was Deleted / IMDbID: tt0437086 at 07/31/2019 17:46:31
UserID: 7 Message: The Movie Was Deleted / IMDbID: tt0109830 at 07/31/2019 17:46:33
UserID: 7 Message: Movie Added to Your List / IMDbID: tt0437086 at 07/31/2019 17:47:21
UserID: 7 Message: The Movie Was Deleted / IMDbID: tt0437086 at 07/31/2019 17:47:25
